🧬 AI Evolution Engine - 自我评估

📊 能力清单:
  工具: exec, read, write, web_fetch, browser
node:fs:1725
  const stats = binding.stat(
                        ^

Error: ENOENT: no such file or directory, stat '../../skills/dream-to-video'
    at Object.statSync (node:fs:1725:25)
    at file:///home/admin/.openclaw/workspace/skills/ai-evolution-engine-v2/scripts/assess.mjs:12:67
    at Array.filter (<anonymous>)
    at file:///home/admin/.openclaw/workspace/skills/ai-evolution-engine-v2/scripts/assess.mjs:12:52
    at ModuleJob.run (node:internal/modules/esm/module_job:430:25)
    at async onImport.tracePromise.__proto__ (node:internal/modules/esm/loader:661:26)
    at async asyncRunEntryPointWithESMLoader (node:internal/modules/run_main:101:5) {
  errno: -2,
  code: 'ENOENT',
  syscall: 'stat',
  path: '../../skills/dream-to-video'
}

Node.js v24.14.0
