[2026-03-30 07:08:58] 执行健康检查...
[2026-03-30 07:09:01] ✅ 健康检查通过
[2026-03-30 07:09:23] 执行健康检查...
[2026-03-30 07:09:25] ✅ 健康检查通过
[2026-03-30 07:10:01] 执行健康检查...
[2026-03-30 07:10:01] ❌ 健康检查命令失败，尝试重启...
/home/admin/.openclaw/workspace/scripts/health-check.sh: line 23: openclaw: command not found
[2026-03-30 07:15:01] 执行健康检查...
[2026-03-30 07:15:01] ❌ 健康检查命令失败，尝试重启...
/home/admin/.openclaw/workspace/scripts/health-check.sh: line 23: openclaw: command not found
[2026-03-30 07:20:01] 执行健康检查...
[2026-03-30 07:20:01] ❌ 健康检查命令失败，尝试重启...
/home/admin/.openclaw/workspace/scripts/health-check.sh: line 23: openclaw: command not found
[2026-03-30 07:25:01] 执行健康检查...
[2026-03-30 07:25:01] ❌ 健康检查命令失败，尝试重启...
/home/admin/.openclaw/workspace/scripts/health-check.sh: line 23: openclaw: command not found
[2026-03-30 07:30:01] 执行健康检查...
[2026-03-30 07:30:01] ❌ 健康检查命令失败，尝试重启...
/home/admin/.openclaw/workspace/scripts/health-check.sh: line 23: openclaw: command not found
[2026-03-30 07:35:01] 执行健康检查...
[2026-03-30 07:35:01] ❌ 健康检查命令失败，尝试重启...
/home/admin/.openclaw/workspace/scripts/health-check.sh: line 23: openclaw: command not found
[2026-03-30 07:40:01] 执行健康检查...
[2026-03-30 07:40:01] ❌ 健康检查命令失败，尝试重启...
/home/admin/.openclaw/workspace/scripts/health-check.sh: line 23: openclaw: command not found
[2026-03-30 07:45:01] 执行健康检查...
[2026-03-30 07:45:01] ❌ 健康检查命令失败，尝试重启...
/home/admin/.openclaw/workspace/scripts/health-check.sh: line 23: openclaw: command not found
{"errcode":0,"errmsg":"ok"}[2026-03-30 07:50:01] 执行健康检查...
[2026-03-30 07:50:01] ❌ 健康检查命令失败，尝试重启...
/home/admin/.openclaw/workspace/scripts/health-check.sh: line 23: openclaw: command not found
{"errcode":0,"errmsg":"ok"}[2026-03-30 07:55:01] 执行健康检查...
[2026-03-30 07:55:01] ❌ 健康检查命令失败，尝试重启...
/home/admin/.openclaw/workspace/scripts/health-check.sh: line 23: openclaw: command not found
{"errcode":0,"errmsg":"ok"}[2026-03-30 08:00:01] 执行健康检查...
[2026-03-30 08:00:01] ❌ 健康检查命令失败，尝试重启...
/home/admin/.openclaw/workspace/scripts/health-check.sh: line 23: openclaw: command not found
{"errcode":0,"errmsg":"ok"}[2026-03-30 08:05:01] 执行健康检查...
[2026-03-30 08:05:01] ❌ 健康检查命令失败，尝试重启...
/home/admin/.openclaw/workspace/scripts/health-check.sh: line 23: openclaw: command not found
{"errcode":0,"errmsg":"ok"}[2026-03-30 08:10:01] 执行健康检查...
[2026-03-30 08:10:01] ❌ 健康检查命令失败，尝试重启...
/home/admin/.openclaw/workspace/scripts/health-check.sh: line 23: openclaw: command not found
{"errcode":0,"errmsg":"ok"}[2026-03-30 08:15:02] 执行健康检查...
[2026-03-30 08:15:02] ❌ 健康检查命令失败，尝试重启...
/home/admin/.openclaw/workspace/scripts/health-check.sh: line 23: openclaw: command not found
{"errcode":0,"errmsg":"ok"}[2026-03-30 08:20:01] 执行健康检查...
[2026-03-30 08:20:01] ❌ 健康检查命令失败，尝试重启...
/home/admin/.openclaw/workspace/scripts/health-check.sh: line 23: openclaw: command not found
{"errcode":0,"errmsg":"ok"}[2026-03-30 08:25:01] 执行健康检查...
[2026-03-30 08:25:01] ❌ 健康检查命令失败，尝试重启...
/home/admin/.openclaw/workspace/scripts/health-check.sh: line 23: openclaw: command not found
{"errcode":0,"errmsg":"ok"}[2026-03-30 08:30:01] 执行健康检查...
[2026-03-30 08:30:01] ❌ 健康检查命令失败，尝试重启...
/home/admin/.openclaw/workspace/scripts/health-check.sh: line 23: openclaw: command not found
{"errcode":0,"errmsg":"ok"}[2026-03-30 08:35:01] 执行健康检查...
[2026-03-30 08:35:01] ❌ 健康检查命令失败，尝试重启...
/home/admin/.openclaw/workspace/scripts/health-check.sh: line 23: openclaw: command not found
{"errcode":0,"errmsg":"ok"}[2026-03-30 08:40:01] 执行健康检查...
[2026-03-30 08:40:01] ❌ 健康检查命令失败，尝试重启...
/home/admin/.openclaw/workspace/scripts/health-check.sh: line 23: openclaw: command not found
{"errcode":0,"errmsg":"ok"}[2026-03-30 08:45:01] 执行健康检查...
[2026-03-30 08:45:01] ❌ 健康检查命令失败，尝试重启...
/home/admin/.openclaw/workspace/scripts/health-check.sh: line 23: openclaw: command not found
{"errcode":0,"errmsg":"ok"}[2026-03-30 08:50:01] 执行健康检查...
[2026-03-30 08:50:01] ❌ 健康检查命令失败，尝试重启...
/home/admin/.openclaw/workspace/scripts/health-check.sh: line 23: openclaw: command not found
{"errcode":0,"errmsg":"ok"}[2026-03-30 08:55:01] 执行健康检查...
[2026-03-30 08:55:01] ❌ 健康检查命令失败，尝试重启...
/home/admin/.openclaw/workspace/scripts/health-check.sh: line 23: openclaw: command not found
{"errcode":0,"errmsg":"ok"}[2026-03-30 09:00:01] 执行健康检查...
[2026-03-30 09:00:01] ❌ 健康检查命令失败，尝试重启...
/home/admin/.openclaw/workspace/scripts/health-check.sh: line 23: openclaw: command not found
{"errcode":0,"errmsg":"ok"}[2026-03-30 09:05:01] 执行健康检查...
[2026-03-30 09:05:01] ❌ 健康检查命令失败，尝试重启...
/home/admin/.openclaw/workspace/scripts/health-check.sh: line 23: openclaw: command not found
{"errcode":0,"errmsg":"ok"}[2026-03-30 09:10:01] 执行健康检查...
[2026-03-30 09:10:01] ❌ 健康检查命令失败，尝试重启...
/home/admin/.openclaw/workspace/scripts/health-check.sh: line 23: openclaw: command not found
{"errcode":0,"errmsg":"ok"}[2026-03-30 09:15:01] 执行健康检查...
[2026-03-30 09:15:01] ❌ 健康检查命令失败，尝试重启...
/home/admin/.openclaw/workspace/scripts/health-check.sh: line 23: openclaw: command not found
{"errcode":0,"errmsg":"ok"}[2026-03-30 09:20:01] 执行健康检查...
[2026-03-30 09:20:01] ❌ 健康检查命令失败，尝试重启...
/home/admin/.openclaw/workspace/scripts/health-check.sh: line 23: openclaw: command not found
{"errcode":0,"errmsg":"ok"}[2026-03-30 09:25:01] 执行健康检查...
[2026-03-30 09:25:01] ❌ 健康检查命令失败，尝试重启...
/home/admin/.openclaw/workspace/scripts/health-check.sh: line 23: openclaw: command not found
{"errcode":0,"errmsg":"ok"}[2026-03-30 09:30:01] 执行健康检查...
[2026-03-30 09:30:01] ❌ 健康检查命令失败，尝试重启...
/home/admin/.openclaw/workspace/scripts/health-check.sh: line 23: openclaw: command not found
{"errcode":0,"errmsg":"ok"}[2026-03-30 09:35:02] 执行健康检查...
[2026-03-30 09:35:02] ❌ 健康检查命令失败，尝试重启...
/home/admin/.openclaw/workspace/scripts/health-check.sh: line 23: openclaw: command not found
{"errcode":0,"errmsg":"ok"}[2026-03-31 08:00:01] 执行健康检查...
[2026-03-31 08:00:01] ❌ 健康检查命令失败，尝试重启...
/home/admin/.openclaw/workspace/scripts/health-check.sh: line 23: openclaw: command not found
{"errcode":0,"errmsg":"ok"}[2026-04-01 08:00:01] 执行健康检查...
[2026-04-01 08:00:01] ❌ 健康检查命令失败，尝试重启...
/home/admin/.openclaw/workspace/scripts/health-check.sh: line 23: openclaw: command not found
{"errcode":0,"errmsg":"ok"}